# JRE version: OpenJDK Runtime Environment Temurin-17.0.4.1+1 (17.0.4.1+1) (build 17.0.4.1+1)
# Java VM: OpenJDK 64-Bit Server VM Temurin-17.0.4.1+1 (17.0.4.1+1, mixed mode, tiered, compressed oops, compressed class ptrs, g1 gc, windows-amd64)
GC Precious Log:
 CPUs: 4 total, 4 available
 Memory: 8038M
 Large Page Support: Disabled
 NUMA Support: Disabled
 Compressed Oops: Enabled (32-bit)
 Heap Region Size: 1M
 Heap Min Capacity: 8M
 Heap Initial Capacity: 126M
 Heap Max Capacity: 2010M
 Pre-touch: Disabled
 Parallel Workers: 4
 Concurrent Workers: 1
 Concurrent Refinement Workers: 4
 Periodic GC: Disabled
Heap:
 garbage-first heap   total 30720K, used 20750K [0x0000000082600000, 0x0000000100000000)
  region size 1024K, 11 young (11264K), 1 survivors (1024K)
 Metaspace       used 24389K, committed 24576K, reserved 1073152K
  class space    used 2651K, committed 2752K, reserved 1048576K
GC Heap History (10 events):
Event: 33.385 GC heap before
{Heap before GC invocations=0 (full 0):
 garbage-first heap   total 129024K, used 15360K [0x0000000082600000, 0x0000000100000000)
  region size 1024K, 13 young (13312K), 0 survivors (0K)
 Metaspace       used 12128K, committed 12288K, reserved 1064960K
  class space    used 1118K, committed 1216K, reserved 1048576K
}
Event: 33.565 GC heap after
{Heap after GC invocations=1 (full 0):
 garbage-first heap   total 129024K, used 3974K [0x0000000082600000, 0x0000000100000000)
  region size 1024K, 2 young (2048K), 2 survivors (2048K)
 Metaspace       used 12128K, committed 12288K, reserved 1064960K
  class space    used 1118K, committed 1216K, reserved 1048576K
}
Event: 39.102 GC heap before
{Heap before GC invocations=1 (full 0):
 garbage-first heap   total 129024K, used 21382K [0x0000000082600000, 0x0000000100000000)
  region size 1024K, 19 young (19456K), 2 survivors (2048K)
 Metaspace       used 15035K, committed 15168K, reserved 1064960K
  class space    used 1474K, committed 1536K, reserved 1048576K
}
Event: 39.108 GC heap after
{Heap after GC invocations=2 (full 0):
 garbage-first heap   total 129024K, used 4666K [0x0000000082600000, 0x0000000100000000)
  region size 1024K, 1 young (1024K), 1 survivors (1024K)
 Metaspace       used 15035K, committed 15168K, reserved 1064960K
  class space    used 1474K, committed 1536K, reserved 1048576K
}
Event: 57.809 GC heap before
{Heap before GC invocations=2 (full 0):
 garbage-first heap   total 129024K, used 43578K [0x0000000082600000, 0x0000000100000000)
  region size 1024K, 40 young (40960K), 1 survivors (1024K)
 Metaspace       used 21310K, committed 21504K, reserved 1073152K
  class space    used 2205K, committed 2304K, reserved 1048576K
}
Event: 57.815 GC heap after
{Heap after GC invocations=3 (full 0):
 garbage-first heap   total 129024K, used 7044K [0x0000000082600000, 0x0000000100000000)
  region size 1024K, 4 young (4096K), 4 survivors (4096K)
 Metaspace       used 21310K, committed 21504K, reserved 1073152K
  class space    used 2205K, committed 2304K, reserved 1048576K
}
Event: 62.796 GC heap before
{Heap before GC invocations=4 (full 0):
 garbage-first heap   total 30720K, used 21380K [0x0000000082600000, 0x0000000100000000)
  region size 1024K, 18 young (18432K), 4 survivors (4096K)
 Metaspace       used 22936K, committed 23104K, reserved 1073152K
  class space    used 2451K, committed 2560K, reserved 1048576K
}
Event: 62.803 GC heap after
{Heap after GC invocations=5 (full 0):
 garbage-first heap   total 30720K, used 7321K [0x0000000082600000, 0x0000000100000000)
  region size 1024K, 1 young (1024K), 1 survivors (1024K)
 Metaspace       used 22936K, committed 23104K, reserved 1073152K
  class space    used 2451K, committed 2560K, reserved 1048576K
}
Event: 62.820 GC heap before
{Heap before GC invocations=5 (full 0):
 garbage-first heap   total 30720K, used 8345K [0x0000000082600000, 0x0000000100000000)
  region size 1024K, 2 young (2048K), 1 survivors (1024K)
 Metaspace       used 23065K, committed 23296K, reserved 1073152K
  class space    used 2466K, committed 2560K, reserved 1048576K
}
Event: 62.824 GC heap after
{Heap after GC invocations=6 (full 0):
 garbage-first heap   total 30720K, used 7438K [0x0000000082600000, 0x0000000100000000)
  region size 1024K, 1 young (1024K), 1 survivors (1024K)
 Metaspace       used 23065K, committed 23296K, reserved 1073152K
  class space    used 2466K, committed 2560K, reserved 1048576K
}

