# JRE version: OpenJDK Runtime Environment Temurin-17.0.4.1+1 (17.0.4.1+1) (build 17.0.4.1+1)
# Java VM: OpenJDK 64-Bit Server VM Temurin-17.0.4.1+1 (17.0.4.1+1, mixed mode, tiered, compressed oops, compressed class ptrs, g1 gc, windows-amd64)
GC Precious Log:
 CPUs: 4 total, 4 available
 Memory: 8038M
 Large Page Support: Disabled
 NUMA Support: Disabled
 Compressed Oops: Enabled (32-bit)
 Heap Region Size: 1M
 Heap Min Capacity: 8M
 Heap Initial Capacity: 126M
 Heap Max Capacity: 2010M
 Pre-touch: Disabled
 Parallel Workers: 4
 Concurrent Workers: 1
 Concurrent Refinement Workers: 4
 Periodic GC: Disabled
Heap:
 garbage-first heap   total 24576K, used 13857K [0x0000000082600000, 0x0000000100000000)
  region size 1024K, 2 young (2048K), 1 survivors (1024K)
 Metaspace       used 26535K, committed 26752K, reserved 1073152K
  class space    used 2914K, committed 3008K, reserved 1048576K
GC Heap History (18 events):
Event: 34.182 GC heap before
{Heap before GC invocations=0 (full 0):
 garbage-first heap   total 129024K, used 15360K [0x0000000082600000, 0x0000000100000000)
  region size 1024K, 13 young (13312K), 0 survivors (0K)
 Metaspace       used 12119K, committed 12224K, reserved 1064960K
  class space    used 1117K, committed 1152K, reserved 1048576K
}
Event: 34.371 GC heap after
{Heap after GC invocations=1 (full 0):
 garbage-first heap   total 129024K, used 3993K [0x0000000082600000, 0x0000000100000000)
  region size 1024K, 2 young (2048K), 2 survivors (2048K)
 Metaspace       used 12119K, committed 12224K, reserved 1064960K
  class space    used 1117K, committed 1152K, reserved 1048576K
}
Event: 39.341 GC heap before
{Heap before GC invocations=1 (full 0):
 garbage-first heap   total 129024K, used 21401K [0x0000000082600000, 0x0000000100000000)
  region size 1024K, 19 young (19456K), 2 survivors (2048K)
 Metaspace       used 15040K, committed 15168K, reserved 1064960K
  class space    used 1473K, committed 1536K, reserved 1048576K
}
Event: 39.345 GC heap after
{Heap after GC invocations=2 (full 0):
 garbage-first heap   total 129024K, used 4783K [0x0000000082600000, 0x0000000100000000)
  region size 1024K, 1 young (1024K), 1 survivors (1024K)
 Metaspace       used 15040K, committed 15168K, reserved 1064960K
  class space    used 1473K, committed 1536K, reserved 1048576K
}
Event: 60.473 GC heap before
{Heap before GC invocations=2 (full 0):
 garbage-first heap   total 129024K, used 43695K [0x0000000082600000, 0x0000000100000000)
  region size 1024K, 40 young (40960K), 1 survivors (1024K)
 Metaspace       used 21357K, committed 21504K, reserved 1073152K
  class space    used 2212K, committed 2304K, reserved 1048576K
}
Event: 60.479 GC heap after
{Heap after GC invocations=3 (full 0):
 garbage-first heap   total 129024K, used 6942K [0x0000000082600000, 0x0000000100000000)
  region size 1024K, 3 young (3072K), 3 survivors (3072K)
 Metaspace       used 21357K, committed 21504K, reserved 1073152K
  class space    used 2212K, committed 2304K, reserved 1048576K
}
Event: 63.076 GC heap before
{Heap before GC invocations=4 (full 0):
 garbage-first heap   total 24576K, used 18206K [0x0000000082600000, 0x0000000100000000)
  region size 1024K, 14 young (14336K), 3 survivors (3072K)
 Metaspace       used 22636K, committed 22848K, reserved 1073152K
  class space    used 2413K, committed 2560K, reserved 1048576K
}
Event: 63.084 GC heap after
{Heap after GC invocations=5 (full 0):
 garbage-first heap   total 24576K, used 7330K [0x0000000082600000, 0x0000000100000000)
  region size 1024K, 1 young (1024K), 1 survivors (1024K)
 Metaspace       used 22636K, committed 22848K, reserved 1073152K
  class space    used 2413K, committed 2560K, reserved 1048576K
}
Event: 63.402 GC heap before
{Heap before GC invocations=5 (full 0):
 garbage-first heap   total 24576K, used 8354K [0x0000000082600000, 0x0000000100000000)
  region size 1024K, 2 young (2048K), 1 survivors (1024K)
 Metaspace       used 22742K, committed 22976K, reserved 1073152K
  class space    used 2428K, committed 2560K, reserved 1048576K
}
Event: 63.406 GC heap after
{Heap after GC invocations=6 (full 0):
 garbage-first heap   total 24576K, used 7493K [0x0000000082600000, 0x0000000100000000)
  region size 1024K, 1 young (1024K), 1 survivors (1024K)
 Metaspace       used 22742K, committed 22976K, reserved 1073152K
  class space    used 2428K, committed 2560K, reserved 1048576K
}
Event: 66.832 GC heap before
{Heap before GC invocations=6 (full 0):
 garbage-first heap   total 24576K, used 16709K [0x0000000082600000, 0x0000000100000000)
  region size 1024K, 11 young (11264K), 1 survivors (1024K)
 Metaspace       used 24086K, committed 24256K, reserved 1073152K
  class space    used 2607K, committed 2688K, reserved 1048576K
}
Event: 66.835 GC heap after
{Heap after GC invocations=7 (full 0):
 garbage-first heap   total 24576K, used 7597K [0x0000000082600000, 0x0000000100000000)
  region size 1024K, 1 young (1024K), 1 survivors (1024K)
 Metaspace       used 24086K, committed 24256K, reserved 1073152K
  class space    used 2607K, committed 2688K, reserved 1048576K
}
Event: 67.129 GC heap before
{Heap before GC invocations=7 (full 0):
 garbage-first heap   total 24576K, used 9645K [0x0000000082600000, 0x0000000100000000)
  region size 1024K, 4 young (4096K), 1 survivors (1024K)
 Metaspace       used 24358K, committed 24576K, reserved 1073152K
  class space    used 2645K, committed 2752K, reserved 1048576K
}
Event: 67.132 GC heap after
{Heap after GC invocations=8 (full 0):
 garbage-first heap   total 24576K, used 7748K [0x0000000082600000, 0x0000000100000000)
  region size 1024K, 1 young (1024K), 1 survivors (1024K)
 Metaspace       used 24358K, committed 24576K, reserved 1073152K
  class space    used 2645K, committed 2752K, reserved 1048576K
}
Event: 109.688 GC heap before
{Heap before GC invocations=8 (full 0):
 garbage-first heap   total 24576K, used 21060K [0x0000000082600000, 0x0000000100000000)
  region size 1024K, 10 young (10240K), 1 survivors (1024K)
 Metaspace       used 25471K, committed 25728K, reserved 1073152K
  class space    used 2813K, committed 2944K, reserved 1048576K
}
Event: 109.691 GC heap after
{Heap after GC invocations=9 (full 0):
 garbage-first heap   total 24576K, used 13147K [0x0000000082600000, 0x0000000100000000)
  region size 1024K, 1 young (1024K), 1 survivors (1024K)
 Metaspace       used 25471K, committed 25728K, reserved 1073152K
  class space    used 2813K, committed 2944K, reserved 1048576K
}
Event: 110.773 GC heap before
{Heap before GC invocations=9 (full 0):
 garbage-first heap   total 24576K, used 18267K [0x0000000082600000, 0x0000000100000000)
  region size 1024K, 7 young (7168K), 1 survivors (1024K)
 Metaspace       used 26417K, committed 26624K, reserved 1073152K
  class space    used 2907K, committed 3008K, reserved 1048576K
}
Event: 110.777 GC heap after
{Heap after GC invocations=10 (full 0):
 garbage-first heap   total 24576K, used 13857K [0x0000000082600000, 0x0000000100000000)
  region size 1024K, 1 young (1024K), 1 survivors (1024K)
 Metaspace       used 26417K, committed 26624K, reserved 1073152K
  class space    used 2907K, committed 3008K, reserved 1048576K
}

