# JRE version: OpenJDK Runtime Environment Temurin-17.0.4.1+1 (17.0.4.1+1) (build 17.0.4.1+1)
# Java VM: OpenJDK 64-Bit Server VM Temurin-17.0.4.1+1 (17.0.4.1+1, mixed mode, tiered, compressed oops, compressed class ptrs, g1 gc, windows-amd64)
GC Precious Log:
 CPUs: 4 total, 4 available
 Memory: 8038M
 Large Page Support: Disabled
 NUMA Support: Disabled
 Compressed Oops: Enabled (32-bit)
 Heap Region Size: 1M
 Heap Min Capacity: 8M
 Heap Initial Capacity: 126M
 Heap Max Capacity: 2010M
 Pre-touch: Disabled
 Parallel Workers: 4
 Concurrent Workers: 1
 Concurrent Refinement Workers: 4
 Periodic GC: Disabled
Heap:
 garbage-first heap   total 25600K, used 15093K [0x0000000082600000, 0x0000000100000000)
  region size 1024K, 3 young (3072K), 1 survivors (1024K)
 Metaspace       used 27393K, committed 27584K, reserved 1081344K
  class space    used 3016K, committed 3136K, reserved 1048576K
GC Heap History (18 events):
Event: 33.202 GC heap before
{Heap before GC invocations=0 (full 0):
 garbage-first heap   total 129024K, used 15360K [0x0000000082600000, 0x0000000100000000)
  region size 1024K, 13 young (13312K), 0 survivors (0K)
 Metaspace       used 12116K, committed 12224K, reserved 1064960K
  class space    used 1117K, committed 1152K, reserved 1048576K
}
Event: 33.446 GC heap after
{Heap after GC invocations=1 (full 0):
 garbage-first heap   total 129024K, used 3974K [0x0000000082600000, 0x0000000100000000)
  region size 1024K, 2 young (2048K), 2 survivors (2048K)
 Metaspace       used 12116K, committed 12224K, reserved 1064960K
  class space    used 1117K, committed 1152K, reserved 1048576K
}
Event: 37.074 GC heap before
{Heap before GC invocations=1 (full 0):
 garbage-first heap   total 129024K, used 21382K [0x0000000082600000, 0x0000000100000000)
  region size 1024K, 19 young (19456K), 2 survivors (2048K)
 Metaspace       used 15032K, committed 15168K, reserved 1064960K
  class space    used 1475K, committed 1536K, reserved 1048576K
}
Event: 37.084 GC heap after
{Heap after GC invocations=2 (full 0):
 garbage-first heap   total 129024K, used 4626K [0x0000000082600000, 0x0000000100000000)
  region size 1024K, 1 young (1024K), 1 survivors (1024K)
 Metaspace       used 15032K, committed 15168K, reserved 1064960K
  class space    used 1475K, committed 1536K, reserved 1048576K
}
Event: 64.716 GC heap before
{Heap before GC invocations=2 (full 0):
 garbage-first heap   total 129024K, used 42514K [0x0000000082600000, 0x0000000100000000)
  region size 1024K, 39 young (39936K), 1 survivors (1024K)
 Metaspace       used 21363K, committed 21504K, reserved 1073152K
  class space    used 2211K, committed 2304K, reserved 1048576K
}
Event: 64.722 GC heap after
{Heap after GC invocations=3 (full 0):
 garbage-first heap   total 129024K, used 6923K [0x0000000082600000, 0x0000000100000000)
  region size 1024K, 3 young (3072K), 3 survivors (3072K)
 Metaspace       used 21363K, committed 21504K, reserved 1073152K
  class space    used 2211K, committed 2304K, reserved 1048576K
}
Event: 67.621 GC heap before
{Heap before GC invocations=4 (full 0):
 garbage-first heap   total 24576K, used 18187K [0x0000000082600000, 0x0000000100000000)
  region size 1024K, 14 young (14336K), 3 survivors (3072K)
 Metaspace       used 22611K, committed 22848K, reserved 1073152K
  class space    used 2408K, committed 2560K, reserved 1048576K
}
Event: 67.629 GC heap after
{Heap after GC invocations=5 (full 0):
 garbage-first heap   total 24576K, used 7332K [0x0000000082600000, 0x0000000100000000)
  region size 1024K, 1 young (1024K), 1 survivors (1024K)
 Metaspace       used 22611K, committed 22848K, reserved 1073152K
  class space    used 2408K, committed 2560K, reserved 1048576K
}
Event: 67.653 GC heap before
{Heap before GC invocations=5 (full 0):
 garbage-first heap   total 24576K, used 8356K [0x0000000082600000, 0x0000000100000000)
  region size 1024K, 2 young (2048K), 1 survivors (1024K)
 Metaspace       used 22747K, committed 23040K, reserved 1073152K
  class space    used 2427K, committed 2560K, reserved 1048576K
}
Event: 67.657 GC heap after
{Heap after GC invocations=6 (full 0):
 garbage-first heap   total 24576K, used 7409K [0x0000000082600000, 0x0000000100000000)
  region size 1024K, 1 young (1024K), 1 survivors (1024K)
 Metaspace       used 22747K, committed 23040K, reserved 1073152K
  class space    used 2427K, committed 2560K, reserved 1048576K
}
Event: 71.429 GC heap before
{Heap before GC invocations=6 (full 0):
 garbage-first heap   total 24576K, used 16625K [0x0000000082600000, 0x0000000100000000)
  region size 1024K, 11 young (11264K), 1 survivors (1024K)
 Metaspace       used 24068K, committed 24256K, reserved 1073152K
  class space    used 2601K, committed 2688K, reserved 1048576K
}
Event: 71.431 GC heap after
{Heap after GC invocations=7 (full 0):
 garbage-first heap   total 24576K, used 7497K [0x0000000082600000, 0x0000000100000000)
  region size 1024K, 1 young (1024K), 1 survivors (1024K)
 Metaspace       used 24068K, committed 24256K, reserved 1073152K
  class space    used 2601K, committed 2688K, reserved 1048576K
}
Event: 71.581 GC heap before
{Heap before GC invocations=7 (full 0):
 garbage-first heap   total 24576K, used 8521K [0x0000000082600000, 0x0000000100000000)
  region size 1024K, 4 young (4096K), 1 survivors (1024K)
 Metaspace       used 24363K, committed 24576K, reserved 1073152K
  class space    used 2645K, committed 2752K, reserved 1048576K
}
Event: 71.584 GC heap after
{Heap after GC invocations=8 (full 0):
 garbage-first heap   total 24576K, used 7697K [0x0000000082600000, 0x0000000100000000)
  region size 1024K, 1 young (1024K), 1 survivors (1024K)
 Metaspace       used 24363K, committed 24576K, reserved 1073152K
  class space    used 2645K, committed 2752K, reserved 1048576K
}
Event: 108.618 GC heap before
{Heap before GC invocations=8 (full 0):
 garbage-first heap   total 24576K, used 21009K [0x0000000082600000, 0x0000000100000000)
  region size 1024K, 10 young (10240K), 1 survivors (1024K)
 Metaspace       used 25467K, committed 25728K, reserved 1073152K
  class space    used 2813K, committed 2944K, reserved 1048576K
}
Event: 108.621 GC heap after
{Heap after GC invocations=9 (full 0):
 garbage-first heap   total 24576K, used 13111K [0x0000000082600000, 0x0000000100000000)
  region size 1024K, 1 young (1024K), 1 survivors (1024K)
 Metaspace       used 25467K, committed 25728K, reserved 1073152K
  class space    used 2813K, committed 2944K, reserved 1048576K
}
Event: 109.925 GC heap before
{Heap before GC invocations=9 (full 0):
 garbage-first heap   total 24576K, used 20279K [0x0000000082600000, 0x0000000100000000)
  region size 1024K, 8 young (8192K), 1 survivors (1024K)
 Metaspace       used 27021K, committed 27264K, reserved 1073152K
  class space    used 2965K, committed 3136K, reserved 1048576K
}
Event: 109.931 GC heap after
{Heap after GC invocations=10 (full 0):
 garbage-first heap   total 24576K, used 14069K [0x0000000082600000, 0x0000000100000000)
  region size 1024K, 1 young (1024K), 1 survivors (1024K)
 Metaspace       used 27021K, committed 27264K, reserved 1073152K
  class space    used 2965K, committed 3136K, reserved 1048576K
}

