# JRE version: OpenJDK Runtime Environment Temurin-17.0.4.1+1 (17.0.4.1+1) (build 17.0.4.1+1)
# Java VM: OpenJDK 64-Bit Server VM Temurin-17.0.4.1+1 (17.0.4.1+1, mixed mode, tiered, compressed oops, compressed class ptrs, g1 gc, windows-amd64)
GC Precious Log:
 CPUs: 4 total, 4 available
 Memory: 8038M
 Large Page Support: Disabled
 NUMA Support: Disabled
 Compressed Oops: Enabled (32-bit)
 Heap Region Size: 1M
 Heap Min Capacity: 8M
 Heap Initial Capacity: 126M
 Heap Max Capacity: 2010M
 Pre-touch: Disabled
 Parallel Workers: 4
 Concurrent Workers: 1
 Concurrent Refinement Workers: 4
 Periodic GC: Disabled
Heap:
 garbage-first heap   total 25600K, used 14870K [0x0000000082600000, 0x0000000100000000)
  region size 1024K, 3 young (3072K), 1 survivors (1024K)
 Metaspace       used 27261K, committed 27456K, reserved 1073152K
  class space    used 2999K, committed 3136K, reserved 1048576K
GC Heap History (18 events):
Event: 35.412 GC heap before
{Heap before GC invocations=0 (full 0):
 garbage-first heap   total 129024K, used 15360K [0x0000000082600000, 0x0000000100000000)
  region size 1024K, 13 young (13312K), 0 survivors (0K)
 Metaspace       used 12134K, committed 12288K, reserved 1064960K
  class space    used 1119K, committed 1216K, reserved 1048576K
}
Event: 35.471 GC heap after
{Heap after GC invocations=1 (full 0):
 garbage-first heap   total 129024K, used 3931K [0x0000000082600000, 0x0000000100000000)
  region size 1024K, 2 young (2048K), 2 survivors (2048K)
 Metaspace       used 12134K, committed 12288K, reserved 1064960K
  class space    used 1119K, committed 1216K, reserved 1048576K
}
Event: 38.049 GC heap before
{Heap before GC invocations=1 (full 0):
 garbage-first heap   total 129024K, used 21339K [0x0000000082600000, 0x0000000100000000)
  region size 1024K, 19 young (19456K), 2 survivors (2048K)
 Metaspace       used 15041K, committed 15168K, reserved 1064960K
  class space    used 1475K, committed 1536K, reserved 1048576K
}
Event: 38.054 GC heap after
{Heap after GC invocations=2 (full 0):
 garbage-first heap   total 129024K, used 4759K [0x0000000082600000, 0x0000000100000000)
  region size 1024K, 1 young (1024K), 1 survivors (1024K)
 Metaspace       used 15041K, committed 15168K, reserved 1064960K
  class space    used 1475K, committed 1536K, reserved 1048576K
}
Event: 59.513 GC heap before
{Heap before GC invocations=2 (full 0):
 garbage-first heap   total 129024K, used 41623K [0x0000000082600000, 0x0000000100000000)
  region size 1024K, 39 young (39936K), 1 survivors (1024K)
 Metaspace       used 21355K, committed 21504K, reserved 1073152K
  class space    used 2212K, committed 2304K, reserved 1048576K
}
Event: 59.519 GC heap after
{Heap after GC invocations=3 (full 0):
 garbage-first heap   total 129024K, used 6971K [0x0000000082600000, 0x0000000100000000)
  region size 1024K, 3 young (3072K), 3 survivors (3072K)
 Metaspace       used 21355K, committed 21504K, reserved 1073152K
  class space    used 2212K, committed 2304K, reserved 1048576K
}
Event: 63.816 GC heap before
{Heap before GC invocations=4 (full 0):
 garbage-first heap   total 24576K, used 18235K [0x0000000082600000, 0x0000000100000000)
  region size 1024K, 14 young (14336K), 3 survivors (3072K)
 Metaspace       used 22615K, committed 22848K, reserved 1073152K
  class space    used 2413K, committed 2560K, reserved 1048576K
}
Event: 63.823 GC heap after
{Heap after GC invocations=5 (full 0):
 garbage-first heap   total 24576K, used 7322K [0x0000000082600000, 0x0000000100000000)
  region size 1024K, 1 young (1024K), 1 survivors (1024K)
 Metaspace       used 22615K, committed 22848K, reserved 1073152K
  class space    used 2413K, committed 2560K, reserved 1048576K
}
Event: 64.071 GC heap before
{Heap before GC invocations=5 (full 0):
 garbage-first heap   total 24576K, used 7322K [0x0000000082600000, 0x0000000100000000)
  region size 1024K, 2 young (2048K), 1 survivors (1024K)
 Metaspace       used 22733K, committed 22976K, reserved 1073152K
  class space    used 2428K, committed 2560K, reserved 1048576K
}
Event: 64.075 GC heap after
{Heap after GC invocations=6 (full 0):
 garbage-first heap   total 24576K, used 7501K [0x0000000082600000, 0x0000000100000000)
  region size 1024K, 1 young (1024K), 1 survivors (1024K)
 Metaspace       used 22733K, committed 22976K, reserved 1073152K
  class space    used 2428K, committed 2560K, reserved 1048576K
}
Event: 69.066 GC heap before
{Heap before GC invocations=6 (full 0):
 garbage-first heap   total 24576K, used 16717K [0x0000000082600000, 0x0000000100000000)
  region size 1024K, 11 young (11264K), 1 survivors (1024K)
 Metaspace       used 24066K, committed 24256K, reserved 1073152K
  class space    used 2607K, committed 2688K, reserved 1048576K
}
Event: 69.069 GC heap after
{Heap after GC invocations=7 (full 0):
 garbage-first heap   total 24576K, used 7576K [0x0000000082600000, 0x0000000100000000)
  region size 1024K, 1 young (1024K), 1 survivors (1024K)
 Metaspace       used 24066K, committed 24256K, reserved 1073152K
  class space    used 2607K, committed 2688K, reserved 1048576K
}
Event: 69.338 GC heap before
{Heap before GC invocations=7 (full 0):
 garbage-first heap   total 24576K, used 9624K [0x0000000082600000, 0x0000000100000000)
  region size 1024K, 4 young (4096K), 1 survivors (1024K)
 Metaspace       used 24338K, committed 24576K, reserved 1073152K
  class space    used 2645K, committed 2752K, reserved 1048576K
}
Event: 69.340 GC heap after
{Heap after GC invocations=8 (full 0):
 garbage-first heap   total 24576K, used 7713K [0x0000000082600000, 0x0000000100000000)
  region size 1024K, 1 young (1024K), 1 survivors (1024K)
 Metaspace       used 24338K, committed 24576K, reserved 1073152K
  class space    used 2645K, committed 2752K, reserved 1048576K
}
Event: 111.957 GC heap before
{Heap before GC invocations=8 (full 0):
 garbage-first heap   total 24576K, used 21025K [0x0000000082600000, 0x0000000100000000)
  region size 1024K, 10 young (10240K), 1 survivors (1024K)
 Metaspace       used 25442K, committed 25664K, reserved 1073152K
  class space    used 2813K, committed 2944K, reserved 1048576K
}
Event: 111.960 GC heap after
{Heap after GC invocations=9 (full 0):
 garbage-first heap   total 24576K, used 13121K [0x0000000082600000, 0x0000000100000000)
  region size 1024K, 1 young (1024K), 1 survivors (1024K)
 Metaspace       used 25442K, committed 25664K, reserved 1073152K
  class space    used 2813K, committed 2944K, reserved 1048576K
}
Event: 112.860 GC heap before
{Heap before GC invocations=9 (full 0):
 garbage-first heap   total 24576K, used 19265K [0x0000000082600000, 0x0000000100000000)
  region size 1024K, 7 young (7168K), 1 survivors (1024K)
 Metaspace       used 26387K, committed 26624K, reserved 1073152K
  class space    used 2907K, committed 3008K, reserved 1048576K
}
Event: 112.865 GC heap after
{Heap after GC invocations=10 (full 0):
 garbage-first heap   total 24576K, used 13846K [0x0000000082600000, 0x0000000100000000)
  region size 1024K, 1 young (1024K), 1 survivors (1024K)
 Metaspace       used 26387K, committed 26624K, reserved 1073152K
  class space    used 2907K, committed 3008K, reserved 1048576K
}

