# JRE version: OpenJDK Runtime Environment Temurin-17.0.4.1+1 (17.0.4.1+1) (build 17.0.4.1+1)
# Java VM: OpenJDK 64-Bit Server VM Temurin-17.0.4.1+1 (17.0.4.1+1, mixed mode, tiered, compressed oops, compressed class ptrs, g1 gc, windows-amd64)
GC Precious Log:
 CPUs: 4 total, 4 available
 Memory: 8038M
 Large Page Support: Disabled
 NUMA Support: Disabled
 Compressed Oops: Enabled (32-bit)
 Heap Region Size: 1M
 Heap Min Capacity: 8M
 Heap Initial Capacity: 126M
 Heap Max Capacity: 2010M
 Pre-touch: Disabled
 Parallel Workers: 4
 Concurrent Workers: 1
 Concurrent Refinement Workers: 4
 Periodic GC: Disabled
Heap:
 garbage-first heap   total 30720K, used 15006K [0x0000000082600000, 0x0000000100000000)
  region size 1024K, 4 young (4096K), 2 survivors (2048K)
 Metaspace       used 27358K, committed 27584K, reserved 1073152K
  class space    used 3003K, committed 3136K, reserved 1048576K
GC Heap History (14 events):
Event: 32.618 GC heap before
{Heap before GC invocations=0 (full 0):
 garbage-first heap   total 129024K, used 15360K [0x0000000082600000, 0x0000000100000000)
  region size 1024K, 13 young (13312K), 0 survivors (0K)
 Metaspace       used 12122K, committed 12288K, reserved 1064960K
  class space    used 1118K, committed 1216K, reserved 1048576K
}
Event: 32.743 GC heap after
{Heap after GC invocations=1 (full 0):
 garbage-first heap   total 129024K, used 3974K [0x0000000082600000, 0x0000000100000000)
  region size 1024K, 2 young (2048K), 2 survivors (2048K)
 Metaspace       used 12122K, committed 12288K, reserved 1064960K
  class space    used 1118K, committed 1216K, reserved 1048576K
}
Event: 36.198 GC heap before
{Heap before GC invocations=1 (full 0):
 garbage-first heap   total 129024K, used 21382K [0x0000000082600000, 0x0000000100000000)
  region size 1024K, 19 young (19456K), 2 survivors (2048K)
 Metaspace       used 15038K, committed 15168K, reserved 1064960K
  class space    used 1475K, committed 1536K, reserved 1048576K
}
Event: 36.202 GC heap after
{Heap after GC invocations=2 (full 0):
 garbage-first heap   total 129024K, used 4769K [0x0000000082600000, 0x0000000100000000)
  region size 1024K, 1 young (1024K), 1 survivors (1024K)
 Metaspace       used 15038K, committed 15168K, reserved 1064960K
  class space    used 1475K, committed 1536K, reserved 1048576K
}
Event: 64.144 GC heap before
{Heap before GC invocations=2 (full 0):
 garbage-first heap   total 129024K, used 43681K [0x0000000082600000, 0x0000000100000000)
  region size 1024K, 40 young (40960K), 1 survivors (1024K)
 Metaspace       used 21320K, committed 21504K, reserved 1073152K
  class space    used 2205K, committed 2304K, reserved 1048576K
}
Event: 64.150 GC heap after
{Heap after GC invocations=3 (full 0):
 garbage-first heap   total 129024K, used 7040K [0x0000000082600000, 0x0000000100000000)
  region size 1024K, 4 young (4096K), 4 survivors (4096K)
 Metaspace       used 21320K, committed 21504K, reserved 1073152K
  class space    used 2205K, committed 2304K, reserved 1048576K
}
Event: 67.623 GC heap before
{Heap before GC invocations=4 (full 0):
 garbage-first heap   total 30720K, used 21376K [0x0000000082600000, 0x0000000100000000)
  region size 1024K, 18 young (18432K), 4 survivors (4096K)
 Metaspace       used 22935K, committed 23168K, reserved 1073152K
  class space    used 2448K, committed 2560K, reserved 1048576K
}
Event: 67.631 GC heap after
{Heap after GC invocations=5 (full 0):
 garbage-first heap   total 30720K, used 7546K [0x0000000082600000, 0x0000000100000000)
  region size 1024K, 1 young (1024K), 1 survivors (1024K)
 Metaspace       used 22935K, committed 23168K, reserved 1073152K
  class space    used 2448K, committed 2560K, reserved 1048576K
}
Event: 67.747 GC heap before
{Heap before GC invocations=5 (full 0):
 garbage-first heap   total 30720K, used 8570K [0x0000000082600000, 0x0000000100000000)
  region size 1024K, 2 young (2048K), 1 survivors (1024K)
 Metaspace       used 23072K, committed 23296K, reserved 1073152K
  class space    used 2464K, committed 2560K, reserved 1048576K
}
Event: 67.752 GC heap after
{Heap after GC invocations=6 (full 0):
 garbage-first heap   total 30720K, used 7508K [0x0000000082600000, 0x0000000100000000)
  region size 1024K, 1 young (1024K), 1 survivors (1024K)
 Metaspace       used 23072K, committed 23296K, reserved 1073152K
  class space    used 2464K, committed 2560K, reserved 1048576K
}
Event: 107.823 GC heap before
{Heap before GC invocations=6 (full 0):
 garbage-first heap   total 30720K, used 25940K [0x0000000082600000, 0x0000000100000000)
  region size 1024K, 15 young (15360K), 1 survivors (1024K)
 Metaspace       used 24984K, committed 25152K, reserved 1073152K
  class space    used 2740K, committed 2816K, reserved 1048576K
}
Event: 107.827 GC heap after
{Heap after GC invocations=7 (full 0):
 garbage-first heap   total 30720K, used 12953K [0x0000000082600000, 0x0000000100000000)
  region size 1024K, 1 young (1024K), 1 survivors (1024K)
 Metaspace       used 24984K, committed 25152K, reserved 1073152K
  class space    used 2740K, committed 2816K, reserved 1048576K
}
Event: 109.593 GC heap before
{Heap before GC invocations=7 (full 0):
 garbage-first heap   total 30720K, used 24217K [0x0000000082600000, 0x0000000100000000)
  region size 1024K, 12 young (12288K), 1 survivors (1024K)
 Metaspace       used 26702K, committed 26944K, reserved 1073152K
  class space    used 2938K, committed 3072K, reserved 1048576K
}
Event: 109.598 GC heap after
{Heap after GC invocations=8 (full 0):
 garbage-first heap   total 30720K, used 13982K [0x0000000082600000, 0x0000000100000000)
  region size 1024K, 2 young (2048K), 2 survivors (2048K)
 Metaspace       used 26702K, committed 26944K, reserved 1073152K
  class space    used 2938K, committed 3072K, reserved 1048576K
}

