# JRE version: OpenJDK Runtime Environment Temurin-17.0.4.1+1 (17.0.4.1+1) (build 17.0.4.1+1)
# Java VM: OpenJDK 64-Bit Server VM Temurin-17.0.4.1+1 (17.0.4.1+1, mixed mode, tiered, compressed oops, compressed class ptrs, g1 gc, windows-amd64)
GC Precious Log:
 CPUs: 4 total, 4 available
 Memory: 8038M
 Large Page Support: Disabled
 NUMA Support: Disabled
 Compressed Oops: Enabled (32-bit)
 Heap Region Size: 1M
 Heap Min Capacity: 8M
 Heap Initial Capacity: 126M
 Heap Max Capacity: 2010M
 Pre-touch: Disabled
 Parallel Workers: 4
 Concurrent Workers: 1
 Concurrent Refinement Workers: 4
 Periodic GC: Disabled
Heap:
 garbage-first heap   total 27648K, used 16358K [0x0000000082600000, 0x0000000100000000)
  region size 1024K, 7 young (7168K), 2 survivors (2048K)
 Metaspace       used 26524K, committed 26752K, reserved 1073152K
  class space    used 2919K, committed 3008K, reserved 1048576K
GC Heap History (14 events):
Event: 31.805 GC heap before
{Heap before GC invocations=0 (full 0):
 garbage-first heap   total 129024K, used 15360K [0x0000000082600000, 0x0000000100000000)
  region size 1024K, 13 young (13312K), 0 survivors (0K)
 Metaspace       used 12109K, committed 12288K, reserved 1064960K
  class space    used 1119K, committed 1216K, reserved 1048576K
}
Event: 31.901 GC heap after
{Heap after GC invocations=1 (full 0):
 garbage-first heap   total 129024K, used 3979K [0x0000000082600000, 0x0000000100000000)
  region size 1024K, 2 young (2048K), 2 survivors (2048K)
 Metaspace       used 12109K, committed 12288K, reserved 1064960K
  class space    used 1119K, committed 1216K, reserved 1048576K
}
Event: 35.071 GC heap before
{Heap before GC invocations=1 (full 0):
 garbage-first heap   total 129024K, used 21387K [0x0000000082600000, 0x0000000100000000)
  region size 1024K, 19 young (19456K), 2 survivors (2048K)
 Metaspace       used 15024K, committed 15168K, reserved 1064960K
  class space    used 1475K, committed 1536K, reserved 1048576K
}
Event: 35.075 GC heap after
{Heap after GC invocations=2 (full 0):
 garbage-first heap   total 129024K, used 4752K [0x0000000082600000, 0x0000000100000000)
  region size 1024K, 1 young (1024K), 1 survivors (1024K)
 Metaspace       used 15024K, committed 15168K, reserved 1064960K
  class space    used 1475K, committed 1536K, reserved 1048576K
}
Event: 57.223 GC heap before
{Heap before GC invocations=2 (full 0):
 garbage-first heap   total 129024K, used 42640K [0x0000000082600000, 0x0000000100000000)
  region size 1024K, 40 young (40960K), 1 survivors (1024K)
 Metaspace       used 21357K, committed 21504K, reserved 1073152K
  class space    used 2214K, committed 2304K, reserved 1048576K
}
Event: 57.229 GC heap after
{Heap after GC invocations=3 (full 0):
 garbage-first heap   total 129024K, used 6978K [0x0000000082600000, 0x0000000100000000)
  region size 1024K, 3 young (3072K), 3 survivors (3072K)
 Metaspace       used 21357K, committed 21504K, reserved 1073152K
  class space    used 2214K, committed 2304K, reserved 1048576K
}
Event: 61.181 GC heap before
{Heap before GC invocations=4 (full 0):
 garbage-first heap   total 27648K, used 20290K [0x0000000082600000, 0x0000000100000000)
  region size 1024K, 16 young (16384K), 3 survivors (3072K)
 Metaspace       used 22811K, committed 23040K, reserved 1073152K
  class space    used 2441K, committed 2560K, reserved 1048576K
}
Event: 61.188 GC heap after
{Heap after GC invocations=5 (full 0):
 garbage-first heap   total 27648K, used 7312K [0x0000000082600000, 0x0000000100000000)
  region size 1024K, 1 young (1024K), 1 survivors (1024K)
 Metaspace       used 22811K, committed 23040K, reserved 1073152K
  class space    used 2441K, committed 2560K, reserved 1048576K
}
Event: 61.200 GC heap before
{Heap before GC invocations=5 (full 0):
 garbage-first heap   total 27648K, used 8336K [0x0000000082600000, 0x0000000100000000)
  region size 1024K, 2 young (2048K), 1 survivors (1024K)
 Metaspace       used 22922K, committed 23104K, reserved 1073152K
  class space    used 2453K, committed 2560K, reserved 1048576K
}
Event: 61.205 GC heap after
{Heap after GC invocations=6 (full 0):
 garbage-first heap   total 27648K, used 7426K [0x0000000082600000, 0x0000000100000000)
  region size 1024K, 1 young (1024K), 1 survivors (1024K)
 Metaspace       used 22922K, committed 23104K, reserved 1073152K
  class space    used 2453K, committed 2560K, reserved 1048576K
}
Event: 107.005 GC heap before
{Heap before GC invocations=6 (full 0):
 garbage-first heap   total 27648K, used 22786K [0x0000000082600000, 0x0000000100000000)
  region size 1024K, 13 young (13312K), 1 survivors (1024K)
 Metaspace       used 24606K, committed 24832K, reserved 1073152K
  class space    used 2689K, committed 2816K, reserved 1048576K
}
Event: 107.009 GC heap after
{Heap after GC invocations=7 (full 0):
 garbage-first heap   total 27648K, used 12978K [0x0000000082600000, 0x0000000100000000)
  region size 1024K, 1 young (1024K), 1 survivors (1024K)
 Metaspace       used 24606K, committed 24832K, reserved 1073152K
  class space    used 2689K, committed 2816K, reserved 1048576K
}
Event: 108.701 GC heap before
{Heap before GC invocations=7 (full 0):
 garbage-first heap   total 27648K, used 22194K [0x0000000082600000, 0x0000000100000000)
  region size 1024K, 10 young (10240K), 1 survivors (1024K)
 Metaspace       used 25630K, committed 25856K, reserved 1073152K
  class space    used 2838K, committed 2944K, reserved 1048576K
}
Event: 108.704 GC heap after
{Heap after GC invocations=8 (full 0):
 garbage-first heap   total 27648K, used 13286K [0x0000000082600000, 0x0000000100000000)
  region size 1024K, 2 young (2048K), 2 survivors (2048K)
 Metaspace       used 25630K, committed 25856K, reserved 1073152K
  class space    used 2838K, committed 2944K, reserved 1048576K
}

